
> damnoen-saduak-floating-market@1.0.0 build
> astro build

[2m18:33:54[22m [34m[content][39m Syncing content
[2m18:33:54[22m [34m[content][39m Synced content
[2m18:33:54[22m [34m[types][39m Generated [2m60ms[22m
[2m18:33:54[22m [34m[build][39m output: [34m"static"[39m
[2m18:33:54[22m [34m[build][39m mode: [34m"static"[39m
[2m18:33:54[22m [34m[build][39m directory: [34mC:\Users\Administrator\Documents\GitHub\泰国\khao-sok-national-park\dist\[39m
[2m18:33:54[22m [34m[build][39m Collecting build info...
[2m18:33:54[22m [34m[build][39m [32m✓ Completed in 81ms.[39m
[2m18:33:54[22m [34m[build][39m Building static entrypoints...
[2m18:33:56[22m [34m[vite][39m [32m✓ built in 1.43s[39m
[2m18:33:56[22m [34m[build][39m [32m✓ Completed in 1.48s.[39m

[42m[30m building client (vite) [39m[49m
[2m18:33:56[22m [34m[vite][39m transforming...
[2m18:33:56[22m [34m[vite][39m [32m✓[39m 1 modules transformed.
[2m18:33:56[22m [34m[vite][39m rendering chunks...
[2m18:33:56[22m [34m[vite][39m [32m✓ built in 14ms[39m

[42m[30m generating static routes [39m[49m
[2m18:33:56[22m [32m▶[39m src/pages/404.astro
[2m18:33:56[22m   [34m└─[39m [2m/404.html[22m [2m(+8ms)[22m 
[2m18:33:56[22m [32m▶[39m src/pages/[lang]/cookie-settings.astro
[2m18:33:56[22m   [34m├─[39m [2m/th/cookie-settings/index.html[22m [2m(+9ms)[22m 
[2m18:33:56[22m   [34m├─[39m [2m/en/cookie-settings/index.html[22m [2m(+4ms)[22m 
[2m18:33:56[22m   [34m└─[39m [2m/zh/cookie-settings/index.html[22m [2m(+5ms)[22m 
[2m18:33:56[22m [32m▶[39m src/pages/[lang]/index.astro
[2m18:33:56[22m   [34m├─[39m [2m/th/index.html[22m [2m(+6ms)[22m 
[2m18:33:56[22m   [34m├─[39m [2m/en/index.html[22m [2m(+6ms)[22m 
[2m18:33:56[22m   [34m└─[39m [2m/zh/index.html[22m [2m(+4ms)[22m 
[2m18:33:56[22m [32m▶[39m src/pages/[lang]/privacy-policy.astro
[2m18:33:56[22m   [34m├─[39m [2m/th/privacy-policy/index.html[22m [2m(+3ms)[22m 
[2m18:33:56[22m   [34m├─[39m [2m/en/privacy-policy/index.html[22m [2m(+4ms)[22m 
[2m18:33:56[22m   [34m└─[39m [2m/zh/privacy-policy/index.html[22m [2m(+3ms)[22m 
[2m18:33:56[22m [32m▶[39m src/pages/[lang]/terms-of-service.astro
[2m18:33:56[22m   [34m├─[39m [2m/th/terms-of-service/index.html[22m [2m(+3ms)[22m 
[2m18:33:56[22m   [34m├─[39m [2m/en/terms-of-service/index.html[22m [2m(+3ms)[22m 
[2m18:33:56[22m   [34m└─[39m [2m/zh/terms-of-service/index.html[22m [2m(+3ms)[22m 
[2m18:33:56[22m [32m▶[39m src/pages/index.astro
[2m18:33:56[22m   [34m└─[39m [2m/index.html[22m [2m(+2ms)[22m 
[2m18:33:56[22m [32m✓ Completed in 96ms.
[39m
[2m18:33:56[22m [34m[build][39m 13 page(s) built in [1m1.75s[22m
[2m18:33:56[22m [34m[build][39m [1mComplete![22m
